[2018-05-11 09:39:49.538 UTC] [22] []LOG:  database system was shut down at 2018-05-11 09:39:45 UTC
[2018-05-11 09:39:49.539 UTC] [22] []DEBUG:  checkpoint record is at 0/1634428
[2018-05-11 09:39:49.539 UTC] [22] []DEBUG:  redo record is at 0/1634428; shutdown TRUE
[2018-05-11 09:39:49.539 UTC] [22] []DEBUG:  next transaction ID: 0:557; next OID: 16386
[2018-05-11 09:39:49.540 UTC] [22] []DEBUG:  next MultiXactId: 1; next MultiXactOffset: 0
[2018-05-11 09:39:49.540 UTC] [22] []DEBUG:  oldest unfrozen transaction ID: 548, in database 1
[2018-05-11 09:39:49.540 UTC] [22] []DEBUG:  oldest MultiXactId: 1, in database 1
[2018-05-11 09:39:49.540 UTC] [22] []DEBUG:  commit timestamp Xid oldest/newest: 0/0
[2018-05-11 09:39:49.540 UTC] [22] []DEBUG:  transaction ID wrap limit is 2147484195, limited by database with OID 1
[2018-05-11 09:39:49.540 UTC] [22] []DEBUG:  MultiXactId wrap limit is 2147483648, limited by database with OID 1
[2018-05-11 09:39:49.540 UTC] [22] []DEBUG:  starting up replication slots
[2018-05-11 09:39:49.540 UTC] [22] []DEBUG:  starting up replication origin progress state
[2018-05-11 09:39:49.541 UTC] [22] []DEBUG:  MultiXactId wrap limit is 2147483648, limited by database with OID 1
[2018-05-11 09:39:49.541 UTC] [22] []DEBUG:  MultiXact member stop limit is now 4294914944 based on MultiXact 1
[2018-05-11 09:39:49.595 UTC] [22] []DEBUG:  shmem_exit(0): 1 before_shmem_exit callbacks to make
[2018-05-11 09:39:49.595 UTC] [22] []DEBUG:  shmem_exit(0): 4 on_shmem_exit callbacks to make
[2018-05-11 09:39:49.595 UTC] [22] []DEBUG:  proc_exit(0): 2 callbacks to make
[2018-05-11 09:39:49.595 UTC] [22] []DEBUG:  exit(0)
[2018-05-11 09:39:49.595 UTC] [22] []DEBUG:  shmem_exit(-1): 0 before_shmem_exit callbacks to make
[2018-05-11 09:39:49.595 UTC] [22] []DEBUG:  shmem_exit(-1): 0 on_shmem_exit callbacks to make
[2018-05-11 09:39:49.595 UTC] [22] []DEBUG:  proc_exit(-1): 0 callbacks to make
[2018-05-11 09:39:49.599 UTC] [1] []DEBUG:  reaping dead processes
[2018-05-11 09:39:49.601 UTC] [23] []DEBUG:  checkpointer updated shared memory configuration values
[2018-05-11 09:39:49.602 UTC] [1] []DEBUG:  starting background worker process "logical replication launcher"
[2018-05-11 09:39:49.603 UTC] [1] []LOG:  database system is ready to accept connections
[2018-05-11 09:39:49.604 UTC] [28] []DEBUG:  logical replication launcher started
[2018-05-11 09:39:49.604 UTC] [28] []DEBUG:  InitPostgres
[2018-05-11 09:39:49.604 UTC] [28] []DEBUG:  my backend ID is 1
[2018-05-11 09:39:49.605 UTC] [28] []DEBUG:  StartTransaction(1) name: unnamed; blockState: DEFAULT; state: INPROGR, xid/subid/cid: 0/1/0
[2018-05-11 09:39:49.605 UTC] [28] []DEBUG:  CommitTransaction(1) name: unnamed; blockState: STARTED; state: INPROGR, xid/subid/cid: 0/1/0
[2018-05-11 09:39:49.605 UTC] [28] []DEBUG:  StartTransaction(1) name: unnamed; blockState: DEFAULT; state: INPROGR, xid/subid/cid: 0/1/0
[2018-05-11 09:39:49.605 UTC] [26] []DEBUG:  autovacuum launcher started
[2018-05-11 09:39:49.606 UTC] [28] []DEBUG:  CommitTransaction(1) name: unnamed; blockState: STARTED; state: INPROGR, xid/subid/cid: 0/1/0
[2018-05-11 09:39:49.606 UTC] [28] []DEBUG:  StartTransaction(1) name: unnamed; blockState: DEFAULT; state: INPROGR, xid/subid/cid: 0/1/0
[2018-05-11 09:39:49.606 UTC] [28] []DEBUG:  CommitTransaction(1) name: unnamed; blockState: STARTED; state: INPROGR, xid/subid/cid: 0/1/0
[2018-05-11 09:39:49.606 UTC] [27] []DEBUG:  removing permanent stats file "pg_stat/db_12994.stat"
[2018-05-11 09:39:49.606 UTC] [26] []DEBUG:  InitPostgres
[2018-05-11 09:39:49.607 UTC] [26] []DEBUG:  my backend ID is 2
[2018-05-11 09:39:49.607 UTC] [26] []DEBUG:  StartTransaction(1) name: unnamed; blockState: DEFAULT; state: INPROGR, xid/subid/cid: 0/1/0
[2018-05-11 09:39:49.608 UTC] [27] []DEBUG:  removing permanent stats file "pg_stat/db_0.stat"
[2018-05-11 09:39:49.608 UTC] [27] []DEBUG:  removing permanent stats file "pg_stat/global.stat"
[2018-05-11 09:39:49.608 UTC] [26] []DEBUG:  CommitTransaction(1) name: unnamed; blockState: STARTED; state: INPROGR, xid/subid/cid: 0/1/0
[2018-05-11 09:39:49.608 UTC] [27] []DEBUG:  received inquiry for database 0
[2018-05-11 09:39:49.609 UTC] [27] []DEBUG:  writing stats file "pg_stat_tmp/global.stat"
[2018-05-11 09:39:49.609 UTC] [27] []DEBUG:  writing stats file "pg_stat_tmp/db_0.stat"
[2018-05-11 09:40:04.634 UTC] [24] []DEBUG:  snapshot of 0+0 running transaction ids (lsn 0/16344D0 oldest xid 557 latest complete 556 next xid 557)
[2018-05-11 09:40:10.226 UTC] [1] []DEBUG:  postmaster received signal 15
[2018-05-11 09:40:10.226 UTC] [1] []LOG:  received smart shutdown request
[2018-05-11 09:40:10.294 UTC] [1] []DEBUG:  sending signal 15 to process 28
[2018-05-11 09:40:10.295 UTC] [28] []DEBUG:  logical replication launcher shutting down
[2018-05-11 09:40:10.295 UTC] [26] []DEBUG:  autovacuum launcher shutting down
[2018-05-11 09:40:10.295 UTC] [28] []DEBUG:  shmem_exit(1): 2 before_shmem_exit callbacks to make
[2018-05-11 09:40:10.295 UTC] [28] []DEBUG:  shmem_exit(1): 6 on_shmem_exit callbacks to make
[2018-05-11 09:40:10.295 UTC] [28] []DEBUG:  proc_exit(1): 2 callbacks to make
[2018-05-11 09:40:10.295 UTC] [28] []DEBUG:  exit(1)
[2018-05-11 09:40:10.295 UTC] [26] []DEBUG:  shmem_exit(0): 1 before_shmem_exit callbacks to make
[2018-05-11 09:40:10.295 UTC] [26] []DEBUG:  shmem_exit(0): 6 on_shmem_exit callbacks to make
[2018-05-11 09:40:10.295 UTC] [26] []DEBUG:  proc_exit(0): 2 callbacks to make
[2018-05-11 09:40:10.295 UTC] [26] []DEBUG:  exit(0)
[2018-05-11 09:40:10.295 UTC] [28] []DEBUG:  shmem_exit(-1): 0 before_shmem_exit callbacks to make
[2018-05-11 09:40:10.295 UTC] [28] []DEBUG:  shmem_exit(-1): 0 on_shmem_exit callbacks to make
[2018-05-11 09:40:10.295 UTC] [28] []DEBUG:  proc_exit(-1): 0 callbacks to make
[2018-05-11 09:40:10.295 UTC] [26] []DEBUG:  shmem_exit(-1): 0 before_shmem_exit callbacks to make
[2018-05-11 09:40:10.295 UTC] [26] []DEBUG:  shmem_exit(-1): 0 on_shmem_exit callbacks to make
[2018-05-11 09:40:10.295 UTC] [26] []DEBUG:  proc_exit(-1): 0 callbacks to make
[2018-05-11 09:40:10.298 UTC] [1] []DEBUG:  reaping dead processes
[2018-05-11 09:40:10.298 UTC] [1] []LOG:  worker process: logical replication launcher (PID 28) exited with exit code 1
[2018-05-11 09:40:10.298 UTC] [24] []DEBUG:  shmem_exit(0): 1 before_shmem_exit callbacks to make
[2018-05-11 09:40:10.298 UTC] [25] []DEBUG:  shmem_exit(0): 1 before_shmem_exit callbacks to make
[2018-05-11 09:40:10.298 UTC] [24] []DEBUG:  shmem_exit(0): 4 on_shmem_exit callbacks to make
[2018-05-11 09:40:10.298 UTC] [25] []DEBUG:  shmem_exit(0): 4 on_shmem_exit callbacks to make
[2018-05-11 09:40:10.298 UTC] [25] []DEBUG:  proc_exit(0): 2 callbacks to make
[2018-05-11 09:40:10.298 UTC] [25] []DEBUG:  exit(0)
[2018-05-11 09:40:10.298 UTC] [25] []DEBUG:  shmem_exit(-1): 0 before_shmem_exit callbacks to make
[2018-05-11 09:40:10.298 UTC] [25] []DEBUG:  shmem_exit(-1): 0 on_shmem_exit callbacks to make
[2018-05-11 09:40:10.298 UTC] [25] []DEBUG:  proc_exit(-1): 0 callbacks to make
[2018-05-11 09:40:10.298 UTC] [24] []DEBUG:  proc_exit(0): 2 callbacks to make
[2018-05-11 09:40:10.298 UTC] [24] []DEBUG:  exit(0)
[2018-05-11 09:40:10.299 UTC] [24] []DEBUG:  shmem_exit(-1): 0 before_shmem_exit callbacks to make
[2018-05-11 09:40:10.299 UTC] [24] []DEBUG:  shmem_exit(-1): 0 on_shmem_exit callbacks to make
[2018-05-11 09:40:10.299 UTC] [24] []DEBUG:  proc_exit(-1): 0 callbacks to make
[2018-05-11 09:40:10.301 UTC] [1] []DEBUG:  reaping dead processes
[2018-05-11 09:40:10.302 UTC] [1] []DEBUG:  reaping dead processes
[2018-05-11 09:40:10.302 UTC] [23] []LOG:  shutting down
[2018-05-11 09:40:10.461 UTC] [23] []DEBUG:  performing replication slot checkpoint
[2018-05-11 09:40:10.627 UTC] [23] []DEBUG:  attempting to remove WAL segments older than log file 000000000000000000000000
[2018-05-11 09:40:10.627 UTC] [23] []DEBUG:  SlruScanDirectory invoking callback on pg_subtrans/0000
[2018-05-11 09:40:10.669 UTC] [23] []DEBUG:  shmem_exit(0): 1 before_shmem_exit callbacks to make
[2018-05-11 09:40:10.669 UTC] [23] []DEBUG:  shmem_exit(0): 4 on_shmem_exit callbacks to make
[2018-05-11 09:40:10.669 UTC] [23] []DEBUG:  proc_exit(0): 2 callbacks to make
[2018-05-11 09:40:10.669 UTC] [23] []DEBUG:  exit(0)
[2018-05-11 09:40:10.669 UTC] [23] []DEBUG:  shmem_exit(-1): 0 before_shmem_exit callbacks to make
[2018-05-11 09:40:10.669 UTC] [23] []DEBUG:  shmem_exit(-1): 0 on_shmem_exit callbacks to make
[2018-05-11 09:40:10.669 UTC] [23] []DEBUG:  proc_exit(-1): 0 callbacks to make
[2018-05-11 09:40:10.673 UTC] [1] []DEBUG:  reaping dead processes
